1.2430000305175781
0.11499977111816406
0.09799981117248535
0.07299995422363281
0.5729999542236328
1.3440001010894775
0.10300016403198242
0.12199997901916504
0.05899977684020996
0.9490001201629639
0.0409998893737793
0.03600001335144043
0.17300009727478027
1.687999963760376
0.6480000019073486
0.2869999408721924
0.23799991607666016
0.5750000476837158
0.30500006675720215
0.03399991989135742
0.2539999485015869
1.2380001544952393
0.25300002098083496
0.11899995803833008
0.9409999847412109
1.1560001373291016
1.1570000648498535
0.031999826431274414
0.04499983787536621
1.6989998817443848
0.5940001010894775
0.11899995803833008
0.07599997520446777
0.6610000133514404
1.003000020980835
0.06500005722045898
0.04699993133544922
0.9890000820159912
0.7820000648498535
0.0409998893737793
0.09400010108947754
0.8590002059936523
0.7379999160766602
0.2349998950958252
0.048999786376953125
0.9639999866485596
0.055999755859375
0.21900010108947754
0.6080000400543213
0.7079999446868896
0.0709998607635498
0.15999984741210938
0.9780001640319824
0.6549999713897705
0.7250001430511475
0.1659998893737793
0.4070000648498535
0.053999900817871094
0.07999992370605469
0.46000003814697266
0.34400010108947754
0.7000000476837158
0.6050000190734863
0.127000093460083
0.14999985694885254
0.05099987983703613
0.3580000400543213
0.127000093460083
0.20300006866455078
0.2839999198913574
0.35700011253356934
0.28600001335144043
0.05200004577636719
0.628000020980835
1.1080000400543213
0.2839999198913574
0.23099994659423828
0.29199981689453125
0.4350001811981201
0.05900001525878906
0.03699970245361328
0.3530001640319824
0.1770000457763672
0.29799985885620117
0.07599997520446777
0.8559999465942383
0.5789997577667236
0.03399991989135742
0.16900014877319336
1.058000087738037
0.051000118255615234
0.28999996185302734
0.7810001373291016
0.6110000610351562
0.35699987411499023
0.7829999923706055
0.03599977493286133
0.3450000286102295
0.4119999408721924
0.7079999446868896
0.40199995040893555
0.7960000038146973
0.4089999198913574
1.4830000400543213
0.12600016593933105
0.03899979591369629
0.29399991035461426
0.4550001621246338
0.18400001525878906
1.178999900817871
1.318000078201294
0.3959999084472656
0.03099989891052246
1.058000087738037
0.42599987983703613
0.7209999561309814
0.11599993705749512
1.1020002365112305
0.056999921798706055
0.04199981689453125
0.7800002098083496
0.5699999332427979
0.7480001449584961
0.4089999198913574
0.34400010108947754
0.7260000705718994
0.2969996929168701
1.1530001163482666
0.029999971389770508
0.39800000190734863
0.752000093460083
0.27900004386901855
1.6990001201629639
0.6679999828338623
0.38499975204467773
0.7890000343322754
0.28599977493286133
0.2239997386932373
1.559000015258789
0.35899996757507324
0.40399980545043945
0.39800000190734863
0.2219998836517334
0.037999868392944336
0.3970000743865967
1.2820000648498535
0.07399988174438477
0.2070000171661377
0.9079999923706055
1.187999963760376
0.04799985885620117
0.4029998779296875
1.2640001773834229
0.5080001354217529
0.15599989891052246
1.1850001811981201
0.6670000553131104
0.04200005531311035
0.09999990463256836
0.8020000457763672
0.5659999847412109
0.26999998092651367
0.309999942779541
1.0420000553131104
0.07399988174438477
0.04999995231628418
0.1380000114440918
1.1089999675750732
0.2560000419616699
0.13199996948242188
0.045999765396118164
1.0720000267028809
0.05099987983703613
0.6030001640319824
0.0840001106262207
1.3910000324249268
0.3580000400543213
1.0160000324249268
0.4869999885559082
0.18600010871887207
0.24500012397766113
0.045999765396118164
0.39300012588500977
0.4459998607635498
0.8010001182556152
0.9380002021789551
0.029999971389770508
0.18899989128112793
0.2350001335144043
0.3939998149871826
0.3789999485015869
1.1110000610351562
0.03899979591369629
1.0950000286102295
0.2240002155303955
0.05500006675720215
1.130000114440918
0.056999921798706055
0.046000003814697266
0.7670001983642578
0.08599996566772461
0.031999826431274414
0.9200000762939453
0.8700001239776611
0.26200008392333984
0.36100006103515625
0.370999813079834
0.8100001811981201
1.1590001583099365
0.7880001068115234
0.3080000877380371
0.026000022888183594
0.2589998245239258
0.22699999809265137
0.8819999694824219
1.0620002746582031
0.08699989318847656
0.21500015258789062
0.020999908447265625
1.190999984741211
0.05900001525878906
1.1140000820159912
0.6119999885559082
0.37799978256225586
1.8340001106262207
0.5399999618530273
0.048999786376953125
1.1519999504089355
0.8040001392364502
0.03600001335144043
0.32899999618530273
1.0790002346038818
0.15400004386901855
0.03299975395202637
0.0970001220703125
0.7639999389648438
0.252000093460083
1.0910000801086426
0.026999950408935547
0.07899999618530273
0.04200005531311035
0.06999993324279785
0.020999908447265625
0.36100006103515625
0.4460000991821289
0.04700016975402832
0.10699987411499023
1.246000051498413
0.7349998950958252
0.2990000247955322
0.7339999675750732
0.06099987030029297
0.7650001049041748
0.25
0.08500027656555176
0.07699990272521973
0.25499987602233887
0.5880000591278076
0.03399991989135742
1.1000001430511475
1.4540002346038818
0.3250000476837158
0.03599977493286133
1.5960001945495605
0.693000078201294
0.18399977684020996
0.02499985694885254
0.6980001926422119
0.9200000762939453
0.08599972724914551
0.22499990463256836
0.7330000400543213
0.7950000762939453
0.2929999828338623
0.04499983787536621
1.0970001220703125
1.309000015258789
0.026999950408935547
0.34599995613098145
1.0550000667572021
0.38699984550476074
0.47499990463256836
1.056999921798706
0.6909999847412109
0.02499985694885254
0.20099973678588867
0.6150002479553223
1.252000093460083
0.03600001335144043
0.06599998474121094
0.815000057220459
1.57200026512146
0.14500021934509277
0.03099989891052246
0.3989999294281006
1.312000036239624
0.24199986457824707
1.2950000762939453
0.562000036239624
0.0280001163482666
0.13700008392333984
0.07599997520446777
0.3470001220703125
1.0820002555847168
0.1530001163482666
0.01900005340576172
0.06699991226196289
0.8469998836517334
0.24400019645690918
0.04999995231628418
0.02499985694885254
1.3369998931884766
1.378000020980835
0.12199997901916504
0.04399991035461426
0.021999835968017578
0.10000014305114746
0.06699991226196289
0.42100000381469727
0.7170002460479736
0.045999765396118164
0.2569997310638428
1.0260002613067627
0.06700015068054199
0.6790001392364502
0.32199978828430176
0.2630000114440918
1.0990002155303955
0.1360001564025879
0.10299992561340332
0.18699979782104492
1.2809998989105225
0.48800015449523926
0.1119999885559082
0.15400004386901855
1.2080001831054688
0.026999950408935547
0.2200000286102295
0.5940001010894775
2.134999990463257
0.6840002536773682
0.28799986839294434
1.6490001678466797
0.432999849319458
0.3399999141693115
0.29600000381469727
0.059999704360961914
1.2400000095367432
0.055999755859375
0.4739999771118164
1.2400000095367432
0.0709998607635498
0.506000280380249
0.24899983406066895
1.255000114440918
0.01900005340576172
0.3020000457763672
0.5220000743865967
0.06299972534179688
1.1670000553131104
0.7079999446868896
0.04900002479553223
0.7960000038146973
0.019999980926513672
0.9479999542236328
0.3259999752044678
0.06599998474121094
0.7360000610351562
0.17100000381469727
0.42299985885620117
0.016000032424926758
1.180999994277954
0.2349998950958252
0.1700000762939453
0.02499985694885254
0.9600000381469727
0.0409998893737793
0.01900005340576172
0.9950001239776611
0.6070001125335693
0.8270001411437988
0.14700007438659668
0.06099987030029297
0.7779998779296875
0.0429997444152832
0.2329998016357422
0.6970000267028809
1.3020000457763672
1.4210002422332764
0.2869999408721924
0.25099992752075195
0.9650001525878906
0.01699972152709961
0.09500002861022949
0.6600000858306885
0.5260002613067627
0.2590000629425049
0.367999792098999
0.26799988746643066
0.49000024795532227
0.6080002784729004
0.24299979209899902
0.01399993896484375
1.1970000267028809
0.6530001163482666
0.28999972343444824
0.051999807357788086
0.6570000648498535
0.5469999313354492
0.25999999046325684
0.06200003623962402
0.7600002288818359
0.15399980545043945
0.365999698638916
0.7410001754760742
0.09400010108947754
0.21200013160705566
0.28999972343444824
0.023000001907348633
1.0169999599456787
0.17400002479553223
0.05200004577636719
0.7610001564025879
